android/build/app/intermediates/manifest_merge_blame_file/debug/processDebugMainManifest/manifest-merger-blame-debug-report.txt
1<?xml version="1.0" encoding="utf-8"?>
2<manifest xmlns:android="http://schemas.android.com/apk/res/android"
3    package="com.example.testapp"
4    android:versionCode="1"
5    android:versionName="1.0.0" >
6
7    <uses-sdk
8        android:minSdkVersion="21"
9        android:targetSdkVersion="35" />
10    <!--
11         The INTERNET permission is required for development. Specifically,
12         the Flutter tool needs it to communicate with the running application
13         to allow setting breakpoints, to provide hot reload, etc.
14    -->
15    <!--
16    <queries>
17        <package android:name="com.instagram" />
18    </queries>
19    <queries>
20        <intent>
21            <action android:name="android.intent.action.VIEW" />
22            <category android:name="android.intent.category.BROWSABLE" />
23            <data android:scheme="instagram" />
24        </intent>
25    </queries>
26    -->
27    <uses-permission android:name="android.permission.INTERNET" />
27-->src/debug/AndroidManifest.xml:16:5-66
27-->src/debug/AndroidManifest.xml:16:22-64
28    <!--
29     Required to query activities that can process text, see:
30         https://developer.android.com/training/package-visibility and
31         https://developer.android.com/reference/android/content/Intent#ACTION_PROCESS_TEXT.
32
33         In particular, this is used by the Flutter engine in io.flutter.plugin.text.ProcessTextPlugin.
34    -->
35    <queries>
35-->src/main/AndroidManifest.xml:39:5-44:15
36        <intent>
36-->src/main/AndroidManifest.xml:40:9-43:18
37            <action android:name="android.intent.action.PROCESS_TEXT" />
37-->src/main/AndroidManifest.xml:41:13-72
37-->src/main/AndroidManifest.xml:41:21-70
38
39            <data android:mimeType="text/plain" />
39-->src/main/AndroidManifest.xml:42:13-50
39-->src/main/AndroidManifest.xml:42:19-48
40        </intent>
41    </queries>
42
43    <uses-permission android:name="android.permission.FOREGROUND_SERVICE" />
43-->[:assets_audio_player] AndroidManifest.xml:7:5-77
43-->[:assets_audio_player] AndroidManifest.xml:7:22-74
44    <uses-permission android:name="android.permission.VIBRATE" />
44-->[:assets_audio_player] AndroidManifest.xml:8:5-66
44-->[:assets_audio_player] AndroidManifest.xml:8:22-63
45    <uses-permission android:name="android.permission.WAKE_LOCK" />
45-->[:assets_audio_player] AndroidManifest.xml:9:5-68
45-->[:assets_audio_player] AndroidManifest.xml:9:22-65
46    <uses-permission android:name="android.permission.WRITE_EXTERNAL_STORAGE" />
47    <uses-permission android:name="android.permission.READ_PHONE_STATE" />
48    <uses-permission android:name="android.permission.READ_EXTERNAL_STORAGE" />
49    <uses-permission android:name="android.permission.POST_NOTIFICATIONS" />
49-->[:workmanager_android] AndroidManifest.xml:7:5-77
49-->[:workmanager_android] AndroidManifest.xml:7:22-74
50    <uses-permission android:name="android.permission.ACCESS_NETWORK_STATE" />
50-->[androidx.work:work-runtime:2.10.2] AndroidManifest.xml:24:5-79
50-->[androidx.work:work-runtime:2.10.2] AndroidManifest.xml:24:22-76
51    <uses-permission android:name="android.permission.RECEIVE_BOOT_COMPLETED" />
51-->[androidx.work:work-runtime:2.10.2] AndroidManifest.xml:25:5-81
51-->[androidx.work:work-runtime:2.10.2] AndroidManifest.xml:25:22-78
52
53    <permission
53-->[androidx.core:core:1.13.1] AndroidManifest.xml:22:5-24:47
54        android:name="com.example.testapp.DYNAMIC_RECEIVER_NOT_EXPORTED_PERMISSION"
54-->[androidx.core:core:1.13.1] AndroidManifest.xml:23:9-81
55        android:protectionLevel="signature" />
55-->[androidx.core:core:1.13.1] AndroidManifest.xml:24:9-44
56
57    <uses-permission android:name="com.example.testapp.DYNAMIC_RECEIVER_NOT_EXPORTED_PERMISSION" />
57-->[androidx.core:core:1.13.1] AndroidManifest.xml:26:5-97
57-->[androidx.core:core:1.13.1] AndroidManifest.xml:26:22-94
58
59    <application
60        android:name="android.app.Application"
61        android:appComponentFactory="androidx.core.app.CoreComponentFactory"
61-->[androidx.core:core:1.13.1] AndroidManifest.xml:28:18-86
62        android:debuggable="true"
63        android:extractNativeLibs="true"
64        android:icon="@mipmap/ic_launcher"
65        android:label="testapp" >
66        <activity
67            android:name="com.example.testapp.MainActivity"
68            android:configChanges="orientation|keyboardHidden|keyboard|screenSize|smallestScreenSize|locale|layoutDirection|fontScale|screenLayout|density|uiMode"
69            android:exported="true"
70            android:hardwareAccelerated="true"
71            android:launchMode="singleTop"
72            android:taskAffinity=""
73            android:theme="@style/LaunchTheme"
74            android:windowSoftInputMode="adjustResize" >
75
76            <!--
77                 Specifies an Android theme to apply to this Activity as soon as
78                 the Android process has started. This theme is visible to the user
79                 while the Flutter UI initializes. After that, this theme continues
80                 to determine the Window background behind the Flutter UI.
81            -->
82            <meta-data
83                android:name="io.flutter.embedding.android.NormalTheme"
84                android:resource="@style/NormalTheme" />
85
86            <intent-filter>
87                <action android:name="android.intent.action.MAIN" />
88
89                <category android:name="android.intent.category.LAUNCHER" />
90            </intent-filter>
91        </activity>
92        <!--
93             Don't delete the meta-data below.
94             This is used by the Flutter tool to generate GeneratedPluginRegistrant.java
95        -->
96        <meta-data
97            android:name="flutterEmbedding"
98            android:value="2" />
99
100        <receiver
100-->[:assets_audio_player] AndroidManifest.xml:12:9-18:20
101            android:name="com.github.florent37.assets_audio_player.notification.NotificationActionReceiver"
101-->[:assets_audio_player] AndroidManifest.xml:13:13-108
102            android:exported="true" >
102-->[:assets_audio_player] AndroidManifest.xml:14:13-36
103            <intent-filter>
103-->[:assets_audio_player] AndroidManifest.xml:15:13-17:29
104                <action android:name="android.intent.action.MEDIA_BUTTON" />
104-->[:assets_audio_player] AndroidManifest.xml:16:17-77
104-->[:assets_audio_player] AndroidManifest.xml:16:25-74
105            </intent-filter>
106        </receiver>
107        <receiver
107-->[:assets_audio_player] AndroidManifest.xml:19:9-25:20
108            android:name="com.github.florent37.assets_audio_player.notification.CustomMediaButtonReceiver"
108-->[:assets_audio_player] AndroidManifest.xml:20:13-107
109            android:exported="true" >
109-->[:assets_audio_player] AndroidManifest.xml:21:13-36
110            <intent-filter>
110-->[:assets_audio_player] AndroidManifest.xml:15:13-17:29
111                <action android:name="android.intent.action.MEDIA_BUTTON" />
111-->[:assets_audio_player] AndroidManifest.xml:16:17-77
111-->[:assets_audio_player] AndroidManifest.xml:16:25-74
112            </intent-filter>
113        </receiver>
114
115        <service
115-->[:assets_audio_player] AndroidManifest.xml:27:9-38:19
116            android:name="com.github.florent37.assets_audio_player.notification.NotificationService"
116-->[:assets_audio_player] AndroidManifest.xml:28:13-101
117            android:enabled="true"
117-->[:assets_audio_player] AndroidManifest.xml:29:13-35
118            android:exported="true"
118-->[:assets_audio_player] AndroidManifest.xml:30:13-36
119            android:foregroundServiceType="mediaPlayback" >
119-->[:assets_audio_player] AndroidManifest.xml:31:13-58
120            <intent-filter>
120-->[:assets_audio_player] AndroidManifest.xml:32:13-34:29
121                <action android:name="android.media.browse.MediaBrowserService" />
121-->[:assets_audio_player] AndroidManifest.xml:33:17-83
121-->[:assets_audio_player] AndroidManifest.xml:33:25-80
122            </intent-filter>
123            <intent-filter>
123-->[:assets_audio_player] AndroidManifest.xml:15:13-17:29
124                <action android:name="android.intent.action.MEDIA_BUTTON" />
124-->[:assets_audio_player] AndroidManifest.xml:16:17-77
124-->[:assets_audio_player] AndroidManifest.xml:16:25-74
125            </intent-filter>
126        </service>
127
128        <provider
128-->[androidx.work:work-runtime:2.10.2] AndroidManifest.xml:29:9-37:20
129            android:name="androidx.startup.InitializationProvider"
129-->[androidx.work:work-runtime:2.10.2] AndroidManifest.xml:30:13-67
130            android:authorities="com.example.testapp.androidx-startup"
130-->[androidx.work:work-runtime:2.10.2] AndroidManifest.xml:31:13-68
131            android:exported="false" >
131-->[androidx.work:work-runtime:2.10.2] AndroidManifest.xml:32:13-37
132            <meta-data
132-->[androidx.work:work-runtime:2.10.2] AndroidManifest.xml:34:13-36:52
133                android:name="androidx.work.WorkManagerInitializer"
133-->[androidx.work:work-runtime:2.10.2] AndroidManifest.xml:35:17-68
134                android:value="androidx.startup" />
134-->[androidx.work:work-runtime:2.10.2] AndroidManifest.xml:36:17-49
135            <meta-data
135-->[androidx.lifecycle:lifecycle-process:2.7.0] AndroidManifest.xml:29:13-31:52
136                android:name="androidx.lifecycle.ProcessLifecycleInitializer"
136-->[androidx.lifecycle:lifecycle-process:2.7.0] AndroidManifest.xml:30:17-78
137                android:value="androidx.startup" />
137-->[androidx.lifecycle:lifecycle-process:2.7.0] AndroidManifest.xml:31:17-49
138            <meta-data
138-->[androidx.profileinstaller:profileinstaller:1.3.1] AndroidManifest.xml:29:13-31:52
139                android:name="androidx.profileinstaller.ProfileInstallerInitializer"
139-->[androidx.profileinstaller:profileinstaller:1.3.1] AndroidManifest.xml:30:17-85
140                android:value="androidx.startup" />
140-->[androidx.profileinstaller:profileinstaller:1.3.1] AndroidManifest.xml:31:17-49
141        </provider>
142
143        <service
143-->[androidx.work:work-runtime:2.10.2] AndroidManifest.xml:39:9-45:35
144            android:name="androidx.work.impl.background.systemalarm.SystemAlarmService"
144-->[androidx.work:work-runtime:2.10.2] AndroidManifest.xml:40:13-88
145            android:directBootAware="false"
145-->[androidx.work:work-runtime:2.10.2] AndroidManifest.xml:41:13-44
146            android:enabled="@bool/enable_system_alarm_service_default"
146-->[androidx.work:work-runtime:2.10.2] AndroidManifest.xml:42:13-72
147            android:exported="false" />
147-->[androidx.work:work-runtime:2.10.2] AndroidManifest.xml:43:13-37
148        <service
148-->[androidx.work:work-runtime:2.10.2] AndroidManifest.xml:46:9-52:35
149            android:name="androidx.work.impl.background.systemjob.SystemJobService"
149-->[androidx.work:work-runtime:2.10.2] AndroidManifest.xml:47:13-84
150            android:directBootAware="false"
150-->[androidx.work:work-runtime:2.10.2] AndroidManifest.xml:48:13-44
151            android:enabled="@bool/enable_system_job_service_default"
151-->[androidx.work:work-runtime:2.10.2] AndroidManifest.xml:49:13-70
152            android:exported="true"
152-->[androidx.work:work-runtime:2.10.2] AndroidManifest.xml:50:13-36
153            android:permission="android.permission.BIND_JOB_SERVICE" />
153-->[androidx.work:work-runtime:2.10.2] AndroidManifest.xml:51:13-69
154        <service
154-->[androidx.work:work-runtime:2.10.2] AndroidManifest.xml:53:9-59:35
155            android:name="androidx.work.impl.foreground.SystemForegroundService"
155-->[androidx.work:work-runtime:2.10.2] AndroidManifest.xml:54:13-81
156            android:directBootAware="false"
156-->[androidx.work:work-runtime:2.10.2] AndroidManifest.xml:55:13-44
157            android:enabled="@bool/enable_system_foreground_service_default"
157-->[androidx.work:work-runtime:2.10.2] AndroidManifest.xml:56:13-77
158            android:exported="false" />
158-->[androidx.work:work-runtime:2.10.2] AndroidManifest.xml:57:13-37
159
160        <receiver
160-->[androidx.work:work-runtime:2.10.2] AndroidManifest.xml:61:9-66:35
161            android:name="androidx.work.impl.utils.ForceStopRunnable$BroadcastReceiver"
161-->[androidx.work:work-runtime:2.10.2] AndroidManifest.xml:62:13-88
162            android:directBootAware="false"
162-->[androidx.work:work-runtime:2.10.2] AndroidManifest.xml:63:13-44
163            android:enabled="true"
163-->[androidx.work:work-runtime:2.10.2] AndroidManifest.xml:64:13-35
164            android:exported="false" />
164-->[androidx.work:work-runtime:2.10.2] AndroidManifest.xml:65:13-37
165        <receiver
165-->[androidx.work:work-runtime:2.10.2] AndroidManifest.xml:67:9-77:20
166            android:name="androidx.work.impl.background.systemalarm.ConstraintProxy$BatteryChargingProxy"
166-->[androidx.work:work-runtime:2.10.2] AndroidManifest.xml:68:13-106
167            android:directBootAware="false"
167-->[androidx.work:work-runtime:2.10.2] AndroidManifest.xml:69:13-44
168            android:enabled="false"
168-->[androidx.work:work-runtime:2.10.2] AndroidManifest.xml:70:13-36
169            android:exported="false" >
169-->[androidx.work:work-runtime:2.10.2] AndroidManifest.xml:71:13-37
170            <intent-filter>
170-->[androidx.work:work-runtime:2.10.2] AndroidManifest.xml:73:13-76:29
171                <action android:name="android.intent.action.ACTION_POWER_CONNECTED" />
171-->[androidx.work:work-runtime:2.10.2] AndroidManifest.xml:74:17-87
171-->[androidx.work:work-runtime:2.10.2] AndroidManifest.xml:74:25-84
172                <action android:name="android.intent.action.ACTION_POWER_DISCONNECTED" />
172-->[androidx.work:work-runtime:2.10.2] AndroidManifest.xml:75:17-90
172-->[androidx.work:work-runtime:2.10.2] AndroidManifest.xml:75:25-87
173            </intent-filter>
174        </receiver>
175        <receiver
175-->[androidx.work:work-runtime:2.10.2] AndroidManifest.xml:78:9-88:20
176            android:name="androidx.work.impl.background.systemalarm.ConstraintProxy$BatteryNotLowProxy"
176-->[androidx.work:work-runtime:2.10.2] AndroidManifest.xml:79:13-104
177            android:directBootAware="false"
177-->[androidx.work:work-runtime:2.10.2] AndroidManifest.xml:80:13-44
178            android:enabled="false"
178-->[androidx.work:work-runtime:2.10.2] AndroidManifest.xml:81:13-36
179            android:exported="false" >
179-->[androidx.work:work-runtime:2.10.2] AndroidManifest.xml:82:13-37
180            <intent-filter>
180-->[androidx.work:work-runtime:2.10.2] AndroidManifest.xml:84:13-87:29
181                <action android:name="android.intent.action.BATTERY_OKAY" />
181-->[androidx.work:work-runtime:2.10.2] AndroidManifest.xml:85:17-77
181-->[androidx.work:work-runtime:2.10.2] AndroidManifest.xml:85:25-74
182                <action android:name="android.intent.action.BATTERY_LOW" />
182-->[androidx.work:work-runtime:2.10.2] AndroidManifest.xml:86:17-76
182-->[androidx.work:work-runtime:2.10.2] AndroidManifest.xml:86:25-73
183            </intent-filter>
184        </receiver>
185        <receiver
185-->[androidx.work:work-runtime:2.10.2] AndroidManifest.xml:89:9-99:20
186            android:name="androidx.work.impl.background.systemalarm.ConstraintProxy$StorageNotLowProxy"
186-->[androidx.work:work-runtime:2.10.2] AndroidManifest.xml:90:13-104
187            android:directBootAware="false"
187-->[androidx.work:work-runtime:2.10.2] AndroidManifest.xml:91:13-44
188            android:enabled="false"
188-->[androidx.work:work-runtime:2.10.2] AndroidManifest.xml:92:13-36
189            android:exported="false" >
189-->[androidx.work:work-runtime:2.10.2] AndroidManifest.xml:93:13-37
190            <intent-filter>
190-->[androidx.work:work-runtime:2.10.2] AndroidManifest.xml:95:13-98:29
191                <action android:name="android.intent.action.DEVICE_STORAGE_LOW" />
191-->[androidx.work:work-runtime:2.10.2] AndroidManifest.xml:96:17-83
191-->[androidx.work:work-runtime:2.10.2] AndroidManifest.xml:96:25-80
192                <action android:name="android.intent.action.DEVICE_STORAGE_OK" />
192-->[androidx.work:work-runtime:2.10.2] AndroidManifest.xml:97:17-82
192-->[androidx.work:work-runtime:2.10.2] AndroidManifest.xml:97:25-79
193            </intent-filter>
194        </receiver>
195        <receiver
195-->[androidx.work:work-runtime:2.10.2] AndroidManifest.xml:100:9-109:20
196            android:name="androidx.work.impl.background.systemalarm.ConstraintProxy$NetworkStateProxy"
196-->[androidx.work:work-runtime:2.10.2] AndroidManifest.xml:101:13-103
197            android:directBootAware="false"
197-->[androidx.work:work-runtime:2.10.2] AndroidManifest.xml:102:13-44
198            android:enabled="false"
198-->[androidx.work:work-runtime:2.10.2] AndroidManifest.xml:103:13-36
199            android:exported="false" >
199-->[androidx.work:work-runtime:2.10.2] AndroidManifest.xml:104:13-37
200            <intent-filter>
200-->[androidx.work:work-runtime:2.10.2] AndroidManifest.xml:106:13-108:29
201                <action android:name="android.net.conn.CONNECTIVITY_CHANGE" />
201-->[androidx.work:work-runtime:2.10.2] AndroidManifest.xml:107:17-79
201-->[androidx.work:work-runtime:2.10.2] AndroidManifest.xml:107:25-76
202            </intent-filter>
203        </receiver>
204        <receiver
204-->[androidx.work:work-runtime:2.10.2] AndroidManifest.xml:110:9-121:20
205            android:name="androidx.work.impl.background.systemalarm.RescheduleReceiver"
205-->[androidx.work:work-runtime:2.10.2] AndroidManifest.xml:111:13-88
206            android:directBootAware="false"
206-->[androidx.work:work-runtime:2.10.2] AndroidManifest.xml:112:13-44
207            android:enabled="false"
207-->[androidx.work:work-runtime:2.10.2] AndroidManifest.xml:113:13-36
208            android:exported="false" >
208-->[androidx.work:work-runtime:2.10.2] AndroidManifest.xml:114:13-37
209            <intent-filter>
209-->[androidx.work:work-runtime:2.10.2] AndroidManifest.xml:116:13-120:29
210                <action android:name="android.intent.action.BOOT_COMPLETED" />
210-->[androidx.work:work-runtime:2.10.2] AndroidManifest.xml:117:17-79
210-->[androidx.work:work-runtime:2.10.2] AndroidManifest.xml:117:25-76
211                <action android:name="android.intent.action.TIME_SET" />
211-->[androidx.work:work-runtime:2.10.2] AndroidManifest.xml:118:17-73
211-->[androidx.work:work-runtime:2.10.2] AndroidManifest.xml:118:25-70
212                <action android:name="android.intent.action.TIMEZONE_CHANGED" />
212-->[androidx.work:work-runtime:2.10.2] AndroidManifest.xml:119:17-81
212-->[androidx.work:work-runtime:2.10.2] AndroidManifest.xml:119:25-78
213            </intent-filter>
214        </receiver>
215        <receiver
215-->[androidx.work:work-runtime:2.10.2] AndroidManifest.xml:122:9-131:20
216            android:name="androidx.work.impl.background.systemalarm.ConstraintProxyUpdateReceiver"
216-->[androidx.work:work-runtime:2.10.2] AndroidManifest.xml:123:13-99
217            android:directBootAware="false"
217-->[androidx.work:work-runtime:2.10.2] AndroidManifest.xml:124:13-44
218            android:enabled="@bool/enable_system_alarm_service_default"
218-->[androidx.work:work-runtime:2.10.2] AndroidManifest.xml:125:13-72
219            android:exported="false" >
219-->[androidx.work:work-runtime:2.10.2] AndroidManifest.xml:126:13-37
220            <intent-filter>
220-->[androidx.work:work-runtime:2.10.2] AndroidManifest.xml:128:13-130:29
221                <action android:name="androidx.work.impl.background.systemalarm.UpdateProxies" />
221-->[androidx.work:work-runtime:2.10.2] AndroidManifest.xml:129:17-98
221-->[androidx.work:work-runtime:2.10.2] AndroidManifest.xml:129:25-95
222            </intent-filter>
223        </receiver>
224        <receiver
224-->[androidx.work:work-runtime:2.10.2] AndroidManifest.xml:132:9-142:20
225            android:name="androidx.work.impl.diagnostics.DiagnosticsReceiver"
225-->[androidx.work:work-runtime:2.10.2] AndroidManifest.xml:133:13-78
226            android:directBootAware="false"
226-->[androidx.work:work-runtime:2.10.2] AndroidManifest.xml:134:13-44
227            android:enabled="true"
227-->[androidx.work:work-runtime:2.10.2] AndroidManifest.xml:135:13-35
228            android:exported="true"
228-->[androidx.work:work-runtime:2.10.2] AndroidManifest.xml:136:13-36
229            android:permission="android.permission.DUMP" >
229-->[androidx.work:work-runtime:2.10.2] AndroidManifest.xml:137:13-57
230            <intent-filter>
230-->[androidx.work:work-runtime:2.10.2] AndroidManifest.xml:139:13-141:29
231                <action android:name="androidx.work.diagnostics.REQUEST_DIAGNOSTICS" />
231-->[androidx.work:work-runtime:2.10.2] AndroidManifest.xml:140:17-88
231-->[androidx.work:work-runtime:2.10.2] AndroidManifest.xml:140:25-85
232            </intent-filter>
233        </receiver>
234
235        <activity
235-->[:url_launcher_android] AndroidManifest.xml:8:9-11:74
236            android:name="io.flutter.plugins.urllauncher.WebViewActivity"
236-->[:url_launcher_android] AndroidManifest.xml:9:13-74
237            android:exported="false"
237-->[:url_launcher_android] AndroidManifest.xml:10:13-37
238            android:theme="@android:style/Theme.NoTitleBar.Fullscreen" />
238-->[:url_launcher_android] AndroidManifest.xml:11:13-71
239
240        <uses-library
240-->[androidx.window:window:1.2.0] AndroidManifest.xml:23:9-25:40
241            android:name="androidx.window.extensions"
241-->[androidx.window:window:1.2.0] AndroidManifest.xml:24:13-54
242            android:required="false" />
242-->[androidx.window:window:1.2.0] AndroidManifest.xml:25:13-37
243        <uses-library
243-->[androidx.window:window:1.2.0] AndroidManifest.xml:26:9-28:40
244            android:name="androidx.window.sidecar"
244-->[androidx.window:window:1.2.0] AndroidManifest.xml:27:13-51
245            android:required="false" />
245-->[androidx.window:window:1.2.0] AndroidManifest.xml:28:13-37
246
247        <service
247-->[androidx.room:room-runtime:2.6.1] AndroidManifest.xml:24:9-28:63
248            android:name="androidx.room.MultiInstanceInvalidationService"
248-->[androidx.room:room-runtime:2.6.1] AndroidManifest.xml:25:13-74
249            android:directBootAware="true"
249-->[androidx.room:room-runtime:2.6.1] AndroidManifest.xml:26:13-43
250            android:exported="false" />
250-->[androidx.room:room-runtime:2.6.1] AndroidManifest.xml:27:13-37
251
252        <receiver
252-->[androidx.profileinstaller:profileinstaller:1.3.1] AndroidManifest.xml:34:9-52:20
253            android:name="androidx.profileinstaller.ProfileInstallReceiver"
253-->[androidx.profileinstaller:profileinstaller:1.3.1] AndroidManifest.xml:35:13-76
254            android:directBootAware="false"
254-->[androidx.profileinstaller:profileinstaller:1.3.1] AndroidManifest.xml:36:13-44
255            android:enabled="true"
255-->[androidx.profileinstaller:profileinstaller:1.3.1] AndroidManifest.xml:37:13-35
256            android:exported="true"
256-->[androidx.profileinstaller:profileinstaller:1.3.1] AndroidManifest.xml:38:13-36
257            android:permission="android.permission.DUMP" >
257-->[androidx.profileinstaller:profileinstaller:1.3.1] AndroidManifest.xml:39:13-57
258            <intent-filter>
258-->[androidx.profileinstaller:profileinstaller:1.3.1] AndroidManifest.xml:40:13-42:29
259                <action android:name="androidx.profileinstaller.action.INSTALL_PROFILE" />
259-->[androidx.profileinstaller:profileinstaller:1.3.1] AndroidManifest.xml:41:17-91
259-->[androidx.profileinstaller:profileinstaller:1.3.1] AndroidManifest.xml:41:25-88
260            </intent-filter>
261            <intent-filter>
261-->[androidx.profileinstaller:profileinstaller:1.3.1] AndroidManifest.xml:43:13-45:29
262                <action android:name="androidx.profileinstaller.action.SKIP_FILE" />
262-->[androidx.profileinstaller:profileinstaller:1.3.1] AndroidManifest.xml:44:17-85
262-->[androidx.profileinstaller:profileinstaller:1.3.1] AndroidManifest.xml:44:25-82
263            </intent-filter>
264            <intent-filter>
264-->[androidx.profileinstaller:profileinstaller:1.3.1] AndroidManifest.xml:46:13-48:29
265                <action android:name="androidx.profileinstaller.action.SAVE_PROFILE" />
265-->[androidx.profileinstaller:profileinstaller:1.3.1] AndroidManifest.xml:47:17-88
265-->[androidx.profileinstaller:profileinstaller:1.3.1] AndroidManifest.xml:47:25-85
266            </intent-filter>
267            <intent-filter>
267-->[androidx.profileinstaller:profileinstaller:1.3.1] AndroidManifest.xml:49:13-51:29
268                <action android:name="androidx.profileinstaller.action.BENCHMARK_OPERATION" />
268-->[androidx.profileinstaller:profileinstaller:1.3.1] AndroidManifest.xml:50:17-95
268-->[androidx.profileinstaller:profileinstaller:1.3.1] AndroidManifest.xml:50:25-92
269            </intent-filter>
270        </receiver>
271    </application>
272
273</manifest>